This file contains any messages produced by compilers while
running configure, to aid debugging if configure makes a mistake.

It was created by configure, which was
generated by GNU Autoconf 2.63.  Invocation command line was

  $ ./configure --prefix=/usr/local

## --------- ##
## Platform. ##
## --------- ##

hostname = Loics.local
uname -m = i386
uname -r = 9.6.0
uname -s = Darwin
uname -v = Darwin Kernel Version 9.6.0: Mon Nov 24 17:37:00 PST 2008; root:xnu-1228.9.59~1/RELEASE_I386

/usr/bin/uname -p = i386
/bin/uname -X     = unknown

/bin/arch              = unknown
/usr/bin/arch -k       = unknown
/usr/convex/getsysinfo = unknown
/usr/bin/hostinfo      = Mach kernel version:
	 Darwin Kernel Version 9.6.0: Mon Nov 24 17:37:00 PST 2008; root:xnu-1228.9.59~1/RELEASE_I386
Kernel configured for up to 2 processors.
2 processors are physically available.
2 processors are logically available.
Processor type: i486 (Intel 80486)
Processors active: 0 1
Primary memory available: 2.00 gigabytes
Default processor set: 91 tasks, 399 threads, 2 processors
Load average: 1.36, Mach factor: 0.95
/bin/machine           = unknown
/usr/bin/oslevel       = unknown
/bin/universe          = unknown

PATH: /opt/local/bin
PATH: /opt/local/sbin
PATH: /usr/bin
PATH: /bin
PATH: /usr/sbin
PATH: /sbin
PATH: /usr/local/bin
PATH: /usr/X11/bin
PATH: /Users/loic/Misc/bin


## ----------- ##
## Core tests. ##
## ----------- ##

configure:2217: checking for a BSD-compatible install
configure:2285: result: /opt/local/bin/ginstall -c
configure:2296: checking whether build environment is sane
configure:2339: result: yes
configure:2364: checking for a thread-safe mkdir -p
configure:2403: result: /opt/local/bin/gmkdir -p
configure:2416: checking for gawk
configure:2446: result: no
configure:2416: checking for mawk
configure:2446: result: no
configure:2416: checking for nawk
configure:2446: result: no
configure:2416: checking for awk
configure:2432: found /usr/bin/awk
configure:2443: result: awk
configure:2454: checking whether make sets $(MAKE)
configure:2476: result: yes
configure:2663: checking whether to enable maintainer-specific portions of Makefiles
configure:2672: result: no
configure:2698: checking for style of include used by make
configure:2726: result: GNU
configure:2796: checking for gcc
configure:2812: found /usr/bin/gcc
configure:2823: result: gcc
configure:3055: checking for C compiler version
configure:3063: gcc --version >&5
i686-apple-darwin9-gcc-4.0.1 (GCC) 4.0.1 (Apple Inc. build 5488)
Copyright (C) 2005 Free Software Foundation, Inc.
This is free software; see the source for copying conditions.  There is NO
warranty; not even for MERCHANTABILITY or FITNESS FOR A PARTICULAR PURPOSE.

configure:3067: $? = 0
configure:3074: gcc -v >&5
Using built-in specs.
Target: i686-apple-darwin9
Configured with: /var/tmp/gcc/gcc-5488~2/src/configure --disable-checking -enable-werror --prefix=/usr --mandir=/share/man --enable-languages=c,objc,c++,obj-c++ --program-transform-name=/^[cg][^.-]*$/s/$/-4.0/ --with-gxx-include-dir=/include/c++/4.0.0 --with-slibdir=/usr/lib --build=i686-apple-darwin9 --with-arch=apple --with-tune=generic --host=i686-apple-darwin9 --target=i686-apple-darwin9
Thread model: posix
gcc version 4.0.1 (Apple Inc. build 5488)
configure:3078: $? = 0
configure:3085: gcc -V >&5
gcc-4.0: argument to `-V' is missing
configure:3089: $? = 1
configure:3112: checking for C compiler default output file name
configure:3134: gcc    conftest.c  >&5
configure:3138: $? = 0
configure:3176: result: a.out
configure:3195: checking whether the C compiler works
configure:3205: ./a.out
configure:3209: $? = 0
configure:3228: result: yes
configure:3235: checking whether we are cross compiling
configure:3237: result: no
configure:3240: checking for suffix of executables
configure:3247: gcc -o conftest    conftest.c  >&5
configure:3251: $? = 0
configure:3277: result: 
configure:3283: checking for suffix of object files
configure:3309: gcc -c   conftest.c >&5
configure:3313: $? = 0
configure:3338: result: o
configure:3342: checking whether we are using the GNU C compiler
configure:3371: gcc -c   conftest.c >&5
configure:3378: $? = 0
configure:3395: result: yes
configure:3404: checking whether gcc accepts -g
configure:3434: gcc -c -g  conftest.c >&5
configure:3441: $? = 0
configure:3542: result: yes
configure:3559: checking for gcc option to accept ISO C89
configure:3633: gcc  -c -g -O2  conftest.c >&5
configure:3640: $? = 0
configure:3663: result: none needed
configure:3683: checking dependency style of gcc
configure:3774: result: gcc3
configure:3790: checking for library containing strerror
configure:3831: gcc -o conftest -g -O2   conftest.c  >&5
configure:3838: $? = 0
configure:3869: result: none required
configure:3925: checking for gcc
configure:3952: result: gcc
configure:4184: checking for C compiler version
configure:4192: gcc --version >&5
i686-apple-darwin9-gcc-4.0.1 (GCC) 4.0.1 (Apple Inc. build 5488)
Copyright (C) 2005 Free Software Foundation, Inc.
This is free software; see the source for copying conditions.  There is NO
warranty; not even for MERCHANTABILITY or FITNESS FOR A PARTICULAR PURPOSE.

configure:4196: $? = 0
configure:4203: gcc -v >&5
Using built-in specs.
Target: i686-apple-darwin9
Configured with: /var/tmp/gcc/gcc-5488~2/src/configure --disable-checking -enable-werror --prefix=/usr --mandir=/share/man --enable-languages=c,objc,c++,obj-c++ --program-transform-name=/^[cg][^.-]*$/s/$/-4.0/ --with-gxx-include-dir=/include/c++/4.0.0 --with-slibdir=/usr/lib --build=i686-apple-darwin9 --with-arch=apple --with-tune=generic --host=i686-apple-darwin9 --target=i686-apple-darwin9
Thread model: posix
gcc version 4.0.1 (Apple Inc. build 5488)
configure:4207: $? = 0
configure:4214: gcc -V >&5
gcc-4.0: argument to `-V' is missing
configure:4218: $? = 1
configure:4221: checking whether we are using the GNU C compiler
configure:4274: result: yes
configure:4283: checking whether gcc accepts -g
configure:4421: result: yes
configure:4438: checking for gcc option to accept ISO C89
configure:4542: result: none needed
configure:4562: checking dependency style of gcc
configure:4653: result: gcc3
configure:4673: checking how to run the C preprocessor
configure:4713: gcc -E  conftest.c
configure:4720: $? = 0
configure:4751: gcc -E  conftest.c
conftest.c:10:28: error: ac_nonexistent.h: No such file or directory
configure:4758: $? = 1
configure: failed program was:
| /* confdefs.h.  */
| #define PACKAGE_NAME ""
| #define PACKAGE_TARNAME ""
| #define PACKAGE_VERSION ""
| #define PACKAGE_STRING ""
| #define PACKAGE_BUGREPORT ""
| #define PACKAGE "librsvg"
| #define VERSION "2.22.3"
| /* end confdefs.h.  */
| #include <ac_nonexistent.h>
configure:4791: result: gcc -E
configure:4820: gcc -E  conftest.c
configure:4827: $? = 0
configure:4858: gcc -E  conftest.c
conftest.c:10:28: error: ac_nonexistent.h: No such file or directory
configure:4865: $? = 1
configure: failed program was:
| /* confdefs.h.  */
| #define PACKAGE_NAME ""
| #define PACKAGE_TARNAME ""
| #define PACKAGE_VERSION ""
| #define PACKAGE_STRING ""
| #define PACKAGE_BUGREPORT ""
| #define PACKAGE "librsvg"
| #define VERSION "2.22.3"
| /* end confdefs.h.  */
| #include <ac_nonexistent.h>
configure:4908: checking for gawk
configure:4935: result: awk
configure:4952: checking build system type
configure:4970: result: i386-apple-darwin9.6.0
configure:4992: checking host system type
configure:5007: result: i386-apple-darwin9.6.0
configure:5357: checking for a sed that does not truncate output
configure:5423: result: /usr/bin/sed
configure:5441: checking for grep that handles long lines and -e
configure:5501: result: /usr/bin/grep
configure:5506: checking for egrep
configure:5570: result: /usr/bin/grep -E
configure:5575: checking for fgrep
configure:5639: result: /usr/bin/grep -F
configure:5674: checking for ld used by gcc
configure:5741: result: /usr/libexec/gcc/i686-apple-darwin9/4.0.1/ld
configure:5750: checking if the linker (/usr/libexec/gcc/i686-apple-darwin9/4.0.1/ld) is GNU ld
configure:5765: result: no
configure:5777: checking for BSD- or MS-compatible name lister (nm)
configure:5826: result: /usr/bin/nm -p
configure:5944: checking the name lister (/usr/bin/nm -p) interface
configure:5951: gcc -c -g -O2  conftest.c >&5
configure:5954: /usr/bin/nm -p "conftest.o"
configure:5957: output
00000164 D _some_variable
configure:5964: result: BSD nm
configure:5967: checking whether ln -s works
configure:5971: result: yes
configure:5979: checking the maximum length of command line arguments
configure:6099: result: 196608
configure:6116: checking whether the shell understands some XSI constructs
configure:6126: result: yes
configure:6130: checking whether the shell understands "+="
configure:6136: result: yes
configure:6171: checking for /usr/libexec/gcc/i686-apple-darwin9/4.0.1/ld option to reload object files
configure:6178: result: -r
configure:6247: checking for objdump
configure:6274: result: objdump
configure:6303: checking how to recognize dependent libraries
configure:6499: result: pass_all
configure:6559: checking for ar
configure:6575: found /usr/bin/ar
configure:6586: result: ar
configure:6664: checking for strip
configure:6680: found /usr/bin/strip
configure:6691: result: strip
configure:6763: checking for ranlib
configure:6779: found /usr/bin/ranlib
configure:6790: result: ranlib
configure:6880: checking command to parse /usr/bin/nm -p output from gcc object
configure:6998: gcc -c -g -O2  conftest.c >&5
configure:7001: $? = 0
configure:7005: /usr/bin/nm -p conftest.o \| sed -n -e 's/^.*[	 ]\([BCDEGRST][BCDEGRST]*\)[	 ][	 ]*\([_A-Za-z][_A-Za-z0-9]*\)$/\1 \2 \2/p' \> conftest.nm
configure:7008: $? = 0
cannot find nm_test_var in conftest.nm
configure:6998: gcc -c -g -O2  conftest.c >&5
configure:7001: $? = 0
configure:7005: /usr/bin/nm -p conftest.o \| sed -n -e 's/^.*[	 ]\([BCDEGRST][BCDEGRST]*\)[	 ][	 ]*_\([_A-Za-z][_A-Za-z0-9]*\)$/\1 _\2 \2/p' \> conftest.nm
configure:7008: $? = 0
configure:7062: gcc -o conftest -g -O2   conftest.c conftstm.o >&5
configure:7065: $? = 0
configure:7103: result: ok
configure:7396: checking for dsymutil
configure:7412: found /usr/bin/dsymutil
configure:7423: result: dsymutil
configure:7488: checking for nmedit
configure:7504: found /usr/bin/nmedit
configure:7515: result: nmedit
configure:7580: checking for lipo
configure:7596: found /usr/bin/lipo
configure:7607: result: lipo
configure:7672: checking for otool
configure:7688: found /usr/bin/otool
configure:7699: result: otool
configure:7764: checking for otool64
configure:7794: result: no
configure:7839: checking for -single_module linker flag
gcc -g -O2  -o libconftest.dylib -dynamiclib -Wl,-single_module conftest.c
configure:7866: result: yes
configure:7868: checking for -exported_symbols_list linker flag
configure:7898: gcc -o conftest -g -O2   -Wl,-exported_symbols_list,conftest.sym conftest.c  >&5
configure:7905: $? = 0
configure:7927: result: yes
configure:7965: checking for ANSI C header files
configure:7995: gcc -c -g -O2  conftest.c >&5
configure:8002: $? = 0
configure:8101: gcc -o conftest -g -O2   conftest.c  >&5
configure:8105: $? = 0
configure:8111: ./conftest
configure:8115: $? = 0
configure:8133: result: yes
configure:8157: checking for sys/types.h
configure:8178: gcc -c -g -O2  conftest.c >&5
configure:8185: $? = 0
configure:8202: result: yes
configure:8157: checking for sys/stat.h
configure:8178: gcc -c -g -O2  conftest.c >&5
configure:8185: $? = 0
configure:8202: result: yes
configure:8157: checking for stdlib.h
configure:8178: gcc -c -g -O2  conftest.c >&5
configure:8185: $? = 0
configure:8202: result: yes
configure:8157: checking for string.h
configure:8178: gcc -c -g -O2  conftest.c >&5
configure:8185: $? = 0
configure:8202: result: yes
configure:8157: checking for memory.h
configure:8178: gcc -c -g -O2  conftest.c >&5
configure:8185: $? = 0
configure:8202: result: yes
configure:8157: checking for strings.h
configure:8178: gcc -c -g -O2  conftest.c >&5
configure:8185: $? = 0
configure:8202: result: yes
configure:8157: checking for inttypes.h
configure:8178: gcc -c -g -O2  conftest.c >&5
configure:8185: $? = 0
configure:8202: result: yes
configure:8157: checking for stdint.h
configure:8178: gcc -c -g -O2  conftest.c >&5
configure:8185: $? = 0
configure:8202: result: yes
configure:8157: checking for unistd.h
configure:8178: gcc -c -g -O2  conftest.c >&5
configure:8185: $? = 0
configure:8202: result: yes
configure:8220: checking for dlfcn.h
configure:8241: gcc -c -g -O2  conftest.c >&5
configure:8248: $? = 0
configure:8265: result: yes
configure:8449: checking for objdir
configure:8464: result: .libs
configure:8756: checking if gcc supports -fno-rtti -fno-exceptions
configure:8774: gcc -c -g -O2  -fno-rtti -fno-exceptions conftest.c >&5
cc1: warning: command line option "-fno-rtti" is valid for C++/ObjC++ but not for C
configure:8778: $? = 0
configure:8791: result: no
configure:8811: checking for gcc option to produce PIC
configure:9083: result: -fno-common -DPIC
configure:9095: checking if gcc PIC flag -fno-common -DPIC works
configure:9113: gcc -c -g -O2  -fno-common -DPIC -DPIC conftest.c >&5
configure:9117: $? = 0
configure:9130: result: yes
configure:9154: checking if gcc static flag -static works
configure:9182: result: no
configure:9197: checking if gcc supports -c -o file.o
configure:9218: gcc -c -g -O2  -o out/conftest2.o conftest.c >&5
configure:9222: $? = 0
configure:9244: result: yes
configure:9252: checking if gcc supports -c -o file.o
configure:9299: result: yes
configure:9332: checking whether the gcc linker (/usr/libexec/gcc/i686-apple-darwin9/4.0.1/ld) supports shared libraries
configure:10406: result: yes
configure:10645: checking dynamic linker characteristics
configure:11328: result: darwin9.6.0 dyld
configure:11430: checking how to hardcode library paths into programs
configure:11455: result: immediate
configure:12288: checking whether stripping libraries is possible
configure:12302: result: yes
configure:12328: checking if libtool supports shared libraries
configure:12330: result: yes
configure:12333: checking whether to build shared libraries
configure:12354: result: yes
configure:12357: checking whether to build static libraries
configure:12361: result: yes
configure:12396: checking for ANSI C header files
configure:12564: result: yes
configure:12575: checking whether gcc and cc understand -c and -o together
configure:12610: gcc -c conftest.c -o conftest2.o >&5
configure:12614: $? = 0
configure:12620: gcc -c conftest.c -o conftest2.o >&5
configure:12624: $? = 0
configure:12635: cc -c conftest.c >&5
configure:12639: $? = 0
configure:12647: cc -c conftest.c -o conftest2.o >&5
configure:12651: $? = 0
configure:12657: cc -c conftest.c -o conftest2.o >&5
configure:12661: $? = 0
configure:12679: result: yes
configure:12708: checking whether byte ordering is bigendian
configure:12733: gcc -c -g -O2  conftest.c >&5
configure:12740: $? = 0
configure:12790: gcc -c -g -O2  conftest.c >&5
configure:12797: $? = 0
configure:12829: gcc -c -g -O2  conftest.c >&5
conftest.c: In function 'main':
conftest.c:30: error: 'not' undeclared (first use in this function)
conftest.c:30: error: (Each undeclared identifier is reported only once
conftest.c:30: error: for each function it appears in.)
conftest.c:30: error: syntax error before 'big'
configure:12836: $? = 1
configure: failed program was:
| /* confdefs.h.  */
| #define PACKAGE_NAME ""
| #define PACKAGE_TARNAME ""
| #define PACKAGE_VERSION ""
| #define PACKAGE_STRING ""
| #define PACKAGE_BUGREPORT ""
| #define PACKAGE "librsvg"
| #define VERSION "2.22.3"
| #define STDC_HEADERS 1
| #define HAVE_SYS_TYPES_H 1
| #define HAVE_SYS_STAT_H 1
| #define HAVE_STDLIB_H 1
| #define HAVE_STRING_H 1
| #define HAVE_MEMORY_H 1
| #define HAVE_STRINGS_H 1
| #define HAVE_INTTYPES_H 1
| #define HAVE_STDINT_H 1
| #define HAVE_UNISTD_H 1
| #define HAVE_DLFCN_H 1
| #define LT_OBJDIR ".libs/"
| #define STDC_HEADERS 1
| /* end confdefs.h.  */
| #include <sys/types.h>
| 		#include <sys/param.h>
| 
| int
| main ()
| {
| #if BYTE_ORDER != BIG_ENDIAN
| 		 not big endian
| 		#endif
| 
|   ;
|   return 0;
| }
configure:13088: result: no
configure:13117: checking for some Win32 platform
configure:13127: result: no
configure:13138: checking for native Win32
configure:13148: result: no
configure:13209: checking for pkg-config
configure:13227: found /opt/local/bin/pkg-config
configure:13239: result: /opt/local/bin/pkg-config
configure:13264: checking pkg-config is at least version 0.9.0
configure:13267: result: yes
configure:13278: checking for GLIB
configure:13287: $PKG_CONFIG --exists --print-errors "\
		glib-2.0 >= $GLIB_REQUIRED \
		gthread-2.0 >= $GLIB_REQUIRED"
configure:13292: $? = 0
configure:13309: $PKG_CONFIG --exists --print-errors "\
		glib-2.0 >= $GLIB_REQUIRED \
		gthread-2.0 >= $GLIB_REQUIRED"
configure:13314: $? = 0
configure:13401: result: yes
configure:13410: checking for LIBRSVG
configure:13426: $PKG_CONFIG --exists --print-errors "\
	gdk-pixbuf-2.0 >= $GDK_PIXBUF_REQUIRED \
	glib-2.0 >= $GLIB_REQUIRED \
	libxml-2.0 >= $LIBXML_REQUIRED \
	pangoft2 >= $PANGOFT2_REQUIRED \
	pangocairo >= $PANGOCAIRO_REQUIRED \
	cairo >= $CAIRO_REQUIRED \
	cairo-png >= $CAIRO_REQUIRED \
	fontconfig >= $FONTCONFIG_REQUIRED
	freetype2"
configure:13438: $? = 0
configure:13469: $PKG_CONFIG --exists --print-errors "\
	gdk-pixbuf-2.0 >= $GDK_PIXBUF_REQUIRED \
	glib-2.0 >= $GLIB_REQUIRED \
	libxml-2.0 >= $LIBXML_REQUIRED \
	pangoft2 >= $PANGOFT2_REQUIRED \
	pangocairo >= $PANGOCAIRO_REQUIRED \
	cairo >= $CAIRO_REQUIRED \
	cairo-png >= $CAIRO_REQUIRED \
	fontconfig >= $FONTCONFIG_REQUIRED
	freetype2"
configure:13481: $? = 0
configure:13603: result: yes
configure:13610: $PKG_CONFIG --exists --print-errors "gio-2.0 >= $GIO_REQUIRED"
configure:13613: $? = 0
configure:13618: checking for GIO
configure:13625: $PKG_CONFIG --exists --print-errors "gio-2.0 >= $GIO_REQUIRED"
configure:13628: $? = 0
configure:13641: $PKG_CONFIG --exists --print-errors "gio-2.0 >= $GIO_REQUIRED"
configure:13644: $? = 0
configure:13721: result: yes
configure:13761: checking for LIBGSF
configure:13768: $PKG_CONFIG --exists --print-errors "libgsf-1 >= 1.6.0"
configure:13771: $? = 0
configure:13784: $PKG_CONFIG --exists --print-errors "libgsf-1 >= 1.6.0"
configure:13787: $? = 0
configure:13822: result: yes
configure:13870: checking for LIBCROCO
configure:13877: $PKG_CONFIG --exists --print-errors "libcroco-0.6 >= 0.6.1"
configure:13880: $? = 0
configure:13893: $PKG_CONFIG --exists --print-errors "libcroco-0.6 >= 0.6.1"
configure:13896: $? = 0
configure:13931: result: yes
configure:13957: checking for strtok_r
configure:14013: gcc -o conftest -g -O2   conftest.c  >&5
configure:14020: $? = 0
configure:14042: result: yes
configure:13957: checking for basename
configure:14013: gcc -o conftest -g -O2   conftest.c  >&5
configure:14020: $? = 0
configure:14042: result: yes
configure:14071: checking for more warnings
configure:14074: result: yes
configure:14090: checking for GTK
configure:14097: $PKG_CONFIG --exists --print-errors "gtk+-2.0 >= 2.6.0"
configure:14100: $? = 0
configure:14113: $PKG_CONFIG --exists --print-errors "gtk+-2.0 >= 2.6.0"
configure:14116: $? = 0
configure:14151: result: yes
configure:14175: checking for GDK_X11
configure:14182: $PKG_CONFIG --exists --print-errors "gdk-x11-2.0 >= 2.0.0"
configure:14185: $? = 0
configure:14198: $PKG_CONFIG --exists --print-errors "gdk-x11-2.0 >= 2.0.0"
configure:14201: $? = 0
configure:14236: result: yes
configure:14242: checking for X
configure:14482: result: libraries /usr/X11/lib, headers /usr/X11/include
configure:14504: checking whether -R must be followed by a space
configure:14530: gcc -o conftest         -Wall         -Wchar-subscripts -Wmissing-declarations -Wmissing-prototypes         -Wnested-externs -Wpointer-arith         -Wcast-align -Wsign-compare         -g -O2   conftest.c  -R/usr/X11/lib >&5
configure:14537: $? = 0
configure:14545: result: no
configure:14651: gcc -o conftest         -Wall         -Wchar-subscripts -Wmissing-declarations -Wmissing-prototypes         -Wnested-externs -Wpointer-arith         -Wcast-align -Wsign-compare         -g -O2   conftest.c   -L/usr/X11/lib -R/usr/X11/lib -lX11 >&5
configure:14658: $? = 0
configure:14826: checking for gethostbyname
configure:14882: gcc -o conftest         -Wall         -Wchar-subscripts -Wmissing-declarations -Wmissing-prototypes         -Wnested-externs -Wpointer-arith         -Wcast-align -Wsign-compare         -g -O2   conftest.c  >&5
configure:14889: $? = 0
configure:14909: result: yes
configure:15062: checking for connect
configure:15118: gcc -o conftest         -Wall         -Wchar-subscripts -Wmissing-declarations -Wmissing-prototypes         -Wnested-externs -Wpointer-arith         -Wcast-align -Wsign-compare         -g -O2   conftest.c  >&5
configure:15125: $? = 0
configure:15145: result: yes
configure:15221: checking for remove
configure:15277: gcc -o conftest         -Wall         -Wchar-subscripts -Wmissing-declarations -Wmissing-prototypes         -Wnested-externs -Wpointer-arith         -Wcast-align -Wsign-compare         -g -O2   conftest.c  >&5
configure:15284: $? = 0
configure:15304: result: yes
configure:15380: checking for shmat
configure:15436: gcc -o conftest         -Wall         -Wchar-subscripts -Wmissing-declarations -Wmissing-prototypes         -Wnested-externs -Wpointer-arith         -Wcast-align -Wsign-compare         -g -O2   conftest.c  >&5
configure:15443: $? = 0
configure:15463: result: yes
configure:15548: checking for IceConnectionNumber in -lICE
configure:15583: gcc -o conftest         -Wall         -Wchar-subscripts -Wmissing-declarations -Wmissing-prototypes         -Wnested-externs -Wpointer-arith         -Wcast-align -Wsign-compare         -g -O2   -L/usr/X11/lib conftest.c -lICE   >&5
configure:15590: $? = 0
configure:15611: result: yes
configure:15664: checking for gdk-pixbuf-query-loaders
configure:15682: found /opt/local/bin/gdk-pixbuf-query-loaders
configure:15695: result: /opt/local/bin/gdk-pixbuf-query-loaders
configure:15748: checking for mozilla-config
configure:15781: result: no
configure:15748: checking for firefox-config
configure:15781: result: no
configure:15748: checking for xulrunner-config
configure:15781: result: no
configure:15797: checking for MOZILLA
configure:15804: $PKG_CONFIG --exists --print-errors "mozilla-plugin"
Package mozilla-plugin was not found in the pkg-config search path.
Perhaps you should add the directory containing `mozilla-plugin.pc'
to the PKG_CONFIG_PATH environment variable
No package 'mozilla-plugin' found
configure:15807: $? = 1
configure:15820: $PKG_CONFIG --exists --print-errors "mozilla-plugin"
Package mozilla-plugin was not found in the pkg-config search path.
Perhaps you should add the directory containing `mozilla-plugin.pc'
to the PKG_CONFIG_PATH environment variable
No package 'mozilla-plugin' found
configure:15823: $? = 1
No package 'mozilla-plugin' found
configure:15850: result: no
configure:15852: WARNING: mozilla-config not found. Mozilla/Netscape plugin will not be built
configure:15923: checking whether to build gtk-doc documentation
configure:15925: result: no
configure:15932: checking for gtkdoc-check
configure:15950: found /opt/local/bin/gtkdoc-check
configure:15962: result: /opt/local/bin/gtkdoc-check
configure:16020: checking locale.h usability
configure:16037: gcc -c         -Wall         -Wchar-subscripts -Wmissing-declarations -Wmissing-prototypes         -Wnested-externs -Wpointer-arith         -Wcast-align -Wsign-compare         -g -O2  conftest.c >&5
configure:16044: $? = 0
configure:16058: result: yes
configure:16062: checking locale.h presence
configure:16077: gcc -E  conftest.c
configure:16084: $? = 0
configure:16098: result: yes
configure:16126: checking for locale.h
configure:16135: result: yes
configure:16151: checking for LC_MESSAGES
configure:16177: gcc -o conftest         -Wall         -Wchar-subscripts -Wmissing-declarations -Wmissing-prototypes         -Wnested-externs -Wpointer-arith         -Wcast-align -Wsign-compare         -g -O2   conftest.c  >&5
configure:16184: $? = 0
configure:16204: result: yes
configure:16420: creating ./config.status

## ---------------------- ##
## Running config.status. ##
## ---------------------- ##

This file was extended by config.status, which was
generated by GNU Autoconf 2.63.  Invocation command line was

  CONFIG_FILES    = 
  CONFIG_HEADERS  = 
  CONFIG_LINKS    = 
  CONFIG_COMMANDS = 
  $ ./config.status 

on Loics.local

config.status:1081: creating librsvg.spec
config.status:1081: creating librsvg-features.h
config.status:1081: creating Makefile
config.status:1081: creating librsvg-2.0.pc
config.status:1081: creating librsvg-2.0-uninstalled.pc
config.status:1081: creating librsvg-zip
config.status:1081: creating rsvg
config.status:1081: creating data/Makefile
config.status:1081: creating gtk-engine/Makefile
config.status:1081: creating gtk-engine/examples/Makefile
config.status:1081: creating gtk-engine/examples/bubble/Makefile
config.status:1081: creating gtk-engine/examples/bubble/gtk-2.0/Makefile
config.status:1081: creating gdk-pixbuf-loader/Makefile
config.status:1081: creating moz-plugin/Makefile
config.status:1081: creating tests/Makefile
config.status:1081: creating tests/pdiff/Makefile
config.status:1081: creating doc/Makefile
config.status:1081: creating config.h
config.status:1303: config.h is unchanged
config.status:1355: executing depfiles commands
config.status:1355: executing libtool commands

## ---------------- ##
## Cache variables. ##
## ---------------- ##

ac_cv_build=i386-apple-darwin9.6.0
ac_cv_c_bigendian=no
ac_cv_c_compiler_gnu=yes
ac_cv_env_CC_set=
ac_cv_env_CC_value=
ac_cv_env_CFLAGS_set=
ac_cv_env_CFLAGS_value=
ac_cv_env_CPPFLAGS_set=
ac_cv_env_CPPFLAGS_value=
ac_cv_env_CPP_set=
ac_cv_env_CPP_value=
ac_cv_env_GDK_X11_CFLAGS_set=
ac_cv_env_GDK_X11_CFLAGS_value=
ac_cv_env_GDK_X11_LIBS_set=
ac_cv_env_GDK_X11_LIBS_value=
ac_cv_env_GIO_CFLAGS_set=
ac_cv_env_GIO_CFLAGS_value=
ac_cv_env_GIO_LIBS_set=
ac_cv_env_GIO_LIBS_value=
ac_cv_env_GLIB_CFLAGS_set=
ac_cv_env_GLIB_CFLAGS_value=
ac_cv_env_GLIB_LIBS_set=
ac_cv_env_GLIB_LIBS_value=
ac_cv_env_GTK_CFLAGS_set=
ac_cv_env_GTK_CFLAGS_value=
ac_cv_env_GTK_LIBS_set=
ac_cv_env_GTK_LIBS_value=
ac_cv_env_LDFLAGS_set=
ac_cv_env_LDFLAGS_value=
ac_cv_env_LIBCROCO_CFLAGS_set=
ac_cv_env_LIBCROCO_CFLAGS_value=
ac_cv_env_LIBCROCO_LIBS_set=
ac_cv_env_LIBCROCO_LIBS_value=
ac_cv_env_LIBGSF_CFLAGS_set=
ac_cv_env_LIBGSF_CFLAGS_value=
ac_cv_env_LIBGSF_LIBS_set=
ac_cv_env_LIBGSF_LIBS_value=
ac_cv_env_LIBRSVG_CFLAGS_set=
ac_cv_env_LIBRSVG_CFLAGS_value=
ac_cv_env_LIBRSVG_LIBS_set=
ac_cv_env_LIBRSVG_LIBS_value=
ac_cv_env_LIBS_set=
ac_cv_env_LIBS_value=
ac_cv_env_MOZILLA_CFLAGS_set=
ac_cv_env_MOZILLA_CFLAGS_value=
ac_cv_env_MOZILLA_LIBS_set=
ac_cv_env_MOZILLA_LIBS_value=
ac_cv_env_PKG_CONFIG_set=
ac_cv_env_PKG_CONFIG_value=
ac_cv_env_XMKMF_set=
ac_cv_env_XMKMF_value=
ac_cv_env_build_alias_set=
ac_cv_env_build_alias_value=
ac_cv_env_host_alias_set=
ac_cv_env_host_alias_value=
ac_cv_env_target_alias_set=
ac_cv_env_target_alias_value=
ac_cv_func_basename=yes
ac_cv_func_connect=yes
ac_cv_func_gethostbyname=yes
ac_cv_func_remove=yes
ac_cv_func_shmat=yes
ac_cv_func_strtok_r=yes
ac_cv_have_x='have_x=yes	ac_x_includes='\''/usr/X11/include'\''	ac_x_libraries='\''/usr/X11/lib'\'''
ac_cv_header_dlfcn_h=yes
ac_cv_header_inttypes_h=yes
ac_cv_header_locale_h=yes
ac_cv_header_memory_h=yes
ac_cv_header_stdc=yes
ac_cv_header_stdint_h=yes
ac_cv_header_stdlib_h=yes
ac_cv_header_string_h=yes
ac_cv_header_strings_h=yes
ac_cv_header_sys_stat_h=yes
ac_cv_header_sys_types_h=yes
ac_cv_header_unistd_h=yes
ac_cv_host=i386-apple-darwin9.6.0
ac_cv_lib_ICE_IceConnectionNumber=yes
ac_cv_objext=o
ac_cv_path_EGREP='/usr/bin/grep -E'
ac_cv_path_FGREP='/usr/bin/grep -F'
ac_cv_path_GREP=/usr/bin/grep
ac_cv_path_GTKDOC_CHECK=/opt/local/bin/gtkdoc-check
ac_cv_path_QUERYLOADERS=/opt/local/bin/gdk-pixbuf-query-loaders
ac_cv_path_SED=/usr/bin/sed
ac_cv_path_ac_pt_PKG_CONFIG=/opt/local/bin/pkg-config
ac_cv_path_install='/opt/local/bin/ginstall -c'
ac_cv_path_mkdir=/opt/local/bin/gmkdir
ac_cv_prog_AWK=awk
ac_cv_prog_CPP='gcc -E'
ac_cv_prog_ac_ct_AR=ar
ac_cv_prog_ac_ct_CC=gcc
ac_cv_prog_ac_ct_DSYMUTIL=dsymutil
ac_cv_prog_ac_ct_LIPO=lipo
ac_cv_prog_ac_ct_NMEDIT=nmedit
ac_cv_prog_ac_ct_OBJDUMP=objdump
ac_cv_prog_ac_ct_OTOOL=otool
ac_cv_prog_ac_ct_RANLIB=ranlib
ac_cv_prog_ac_ct_STRIP=strip
ac_cv_prog_cc_c89=
ac_cv_prog_cc_g=yes
ac_cv_prog_cc_gcc_c_o=yes
ac_cv_prog_make_make_set=yes
ac_cv_search_strerror='none required'
am_cv_CC_dependencies_compiler_type=gcc3
am_cv_val_LC_MESSAGES=yes
lt_cv_apple_cc_single_mod=yes
lt_cv_deplibs_check_method=pass_all
lt_cv_file_magic_cmd='$MAGIC_CMD'
lt_cv_file_magic_test_file=
lt_cv_ld_exported_symbols_list=yes
lt_cv_ld_reload_flag=-r
lt_cv_nm_interface='BSD nm'
lt_cv_objdir=.libs
lt_cv_path_LD=/usr/libexec/gcc/i686-apple-darwin9/4.0.1/ld
lt_cv_path_NM='/usr/bin/nm -p'
lt_cv_prog_compiler_c_o=yes
lt_cv_prog_compiler_pic_works=yes
lt_cv_prog_compiler_rtti_exceptions=no
lt_cv_prog_compiler_static_works=no
lt_cv_prog_gnu_ld=no
lt_cv_sys_global_symbol_pipe='sed -n -e '\''s/^.*[	 ]\([BCDEGRST][BCDEGRST]*\)[	 ][	 ]*_\([_A-Za-z][_A-Za-z0-9]*\)$/\1 _\2 \2/p'\'''
lt_cv_sys_global_symbol_to_c_name_address='sed -n -e '\''s/^: \([^ ]*\) $/  {\"\1\", (void *) 0},/p'\'' -e '\''s/^[BCDEGRST]* \([^ ]*\) \([^ ]*\)$/  {"\2", (void *) \&\2},/p'\'''
lt_cv_sys_global_symbol_to_c_name_address_lib_prefix='sed -n -e '\''s/^: \([^ ]*\) $/  {\"\1\", (void *) 0},/p'\'' -e '\''s/^[BCDEGRST]* \([^ ]*\) \(lib[^ ]*\)$/  {"\2", (void *) \&\2},/p'\'' -e '\''s/^[BCDEGRST]* \([^ ]*\) \([^ ]*\)$/  {"lib\2", (void *) \&\2},/p'\'''
lt_cv_sys_global_symbol_to_cdecl='sed -n -e '\''s/^T .* \(.*\)$/extern int \1();/p'\'' -e '\''s/^[BCDEGRST]* .* \(.*\)$/extern char \1;/p'\'''
lt_cv_sys_max_cmd_len=196608
pkg_cv_GDK_X11_CFLAGS='-I/opt/local/include/gtk-2.0 -I/opt/local/lib/gtk-2.0/include -I/opt/local/include/pango-1.0 -I/opt/local/include/glib-2.0 -I/opt/local/lib/glib-2.0/include -I/opt/local/include -I/opt/local/include/cairo -I/opt/local/include/pixman-1 -I/opt/local/include/freetype2 -I/opt/local/include/libpng12 -I/usr/X11/include  '
pkg_cv_GDK_X11_LIBS='-L/opt/local/lib -L/usr/X11/lib -lgdk-x11-2.0 -lgdk_pixbuf-2.0 -lpangocairo-1.0 -lcairo -lpangoft2-1.0 -lpixman-1 -lpng12 -lXrender -lX11 -lXau -lXdmcp -lpango-1.0 -lm -lfontconfig -lexpat -lfreetype -lz -lgobject-2.0 -lgmodule-2.0 -lglib-2.0 -lintl -liconv  '
pkg_cv_GIO_CFLAGS='-I/opt/local/include/glib-2.0 -I/opt/local/lib/glib-2.0/include -I/opt/local/include  '
pkg_cv_GIO_LIBS='-L/opt/local/lib -lgio-2.0 -lgobject-2.0 -lgmodule-2.0 -lglib-2.0 -lintl -liconv  '
pkg_cv_GLIB_CFLAGS='-D_REENTRANT -I/opt/local/include/glib-2.0 -I/opt/local/lib/glib-2.0/include -I/opt/local/include  '
pkg_cv_GLIB_LIBS='-L/opt/local/lib -lgthread-2.0 -lglib-2.0 -lintl -liconv  '
pkg_cv_GTK_CFLAGS='-I/opt/local/include/gtk-2.0 -I/opt/local/lib/gtk-2.0/include -I/opt/local/include/atk-1.0 -I/opt/local/include/cairo -I/opt/local/include/pango-1.0 -I/opt/local/include/glib-2.0 -I/opt/local/lib/glib-2.0/include -I/opt/local/include -I/opt/local/include/pixman-1 -I/opt/local/include/freetype2 -I/opt/local/include/libpng12 -I/usr/X11/include  '
pkg_cv_GTK_LIBS='-L/opt/local/lib -L/usr/X11/lib -lgtk-x11-2.0 -lgdk-x11-2.0 -latk-1.0 -lgio-2.0 -lgdk_pixbuf-2.0 -lpangocairo-1.0 -lcairo -lpangoft2-1.0 -lpixman-1 -lpng12 -lXrender -lX11 -lXau -lXdmcp -lpango-1.0 -lm -lfontconfig -lexpat -lfreetype -lz -lgobject-2.0 -lgmodule-2.0 -lglib-2.0 -lintl -liconv  '
pkg_cv_LIBCROCO_CFLAGS='-I/opt/local/include/libcroco-0.6 -I/opt/local/include/glib-2.0 -I/opt/local/lib/glib-2.0/include -I/opt/local/include -I/opt/local/include/libxml2  '
pkg_cv_LIBCROCO_LIBS='-L/opt/local/lib -lcroco-0.6 -lglib-2.0 -lintl -lxml2 -lpthread -lz -liconv -lm  '
pkg_cv_LIBGSF_CFLAGS='-I/opt/local/include/libgsf-1 -I/opt/local/include/glib-2.0 -I/opt/local/lib/glib-2.0/include -I/opt/local/include -I/opt/local/include/libxml2  '
pkg_cv_LIBGSF_LIBS='-L/opt/local/lib -lgsf-1 -lgobject-2.0 -lxml2 -lpthread -lz -lm -lglib-2.0 -lintl -liconv  '
pkg_cv_LIBRSVG_CFLAGS='-I/opt/local/include/gtk-2.0 -I/opt/local/include/glib-2.0 -I/opt/local/lib/glib-2.0/include -I/opt/local/include -I/opt/local/include/libxml2 -I/opt/local/include/pango-1.0 -I/opt/local/include/freetype2 -I/opt/local/include/cairo -I/opt/local/include/pixman-1 -I/opt/local/include/libpng12 -I/usr/X11/include  '
pkg_cv_LIBRSVG_LIBS='-L/opt/local/lib -L/usr/X11/lib -lgdk_pixbuf-2.0 -lxml2 -lpthread -lpangocairo-1.0 -lpangoft2-1.0 -lpango-1.0 -lm -lgobject-2.0 -lgmodule-2.0 -lglib-2.0 -lintl -liconv -lcairo -lpixman-1 -lpng12 -lXrender -lX11 -lXau -lXdmcp -lfontconfig -lexpat -lfreetype -lz  '

## ----------------- ##
## Output variables. ##
## ----------------- ##

ACLOCAL='${SHELL} /Users/loic/Work/Dev/C/librsvg/missing --run aclocal-1.10'
AMDEPBACKSLASH='\'
AMDEP_FALSE='#'
AMDEP_TRUE=''
AMTAR='${SHELL} /Users/loic/Work/Dev/C/librsvg/missing --run tar'
AR='ar'
AS='as'
AUTOCONF='${SHELL} /Users/loic/Work/Dev/C/librsvg/missing --run autoconf'
AUTOHEADER='${SHELL} /Users/loic/Work/Dev/C/librsvg/missing --run autoheader'
AUTOMAKE='${SHELL} /Users/loic/Work/Dev/C/librsvg/missing --run automake-1.10'
AWK='awk'
CAIRO_REQUIRED='1.2.0'
CC='gcc'
CCDEPMODE='depmode=gcc3'
CFLAGS='        -Wall         -Wchar-subscripts -Wmissing-declarations -Wmissing-prototypes         -Wnested-externs -Wpointer-arith         -Wcast-align -Wsign-compare         -g -O2'
CPP='gcc -E'
CPPFLAGS=''
CYGPATH_W='echo'
DEFS='-DHAVE_CONFIG_H'
DEPDIR='.deps'
DLLTOOL='dlltool'
DSYMUTIL='dsymutil'
DUMPBIN=''
ECHO_C='\c'
ECHO_N=''
ECHO_T=''
EGREP='/usr/bin/grep -E'
ENABLE_GTK_DOC_FALSE=''
ENABLE_GTK_DOC_TRUE='#'
ENABLE_GTK_ENGINE_FALSE='#'
ENABLE_GTK_ENGINE_TRUE=''
ENABLE_PIXBUF_LOADER_FALSE='#'
ENABLE_PIXBUF_LOADER_TRUE=''
EXEEXT=''
FGREP='/usr/bin/grep -F'
GDK_PIXBUF_REQUIRED='1.3.7'
GDK_X11_CFLAGS='-I/opt/local/include/gtk-2.0 -I/opt/local/lib/gtk-2.0/include -I/opt/local/include/pango-1.0 -I/opt/local/include/glib-2.0 -I/opt/local/lib/glib-2.0/include -I/opt/local/include -I/opt/local/include/cairo -I/opt/local/include/pixman-1 -I/opt/local/include/freetype2 -I/opt/local/include/libpng12 -I/usr/X11/include    -I/usr/X11/include'
GDK_X11_LIBS='-L/opt/local/lib -L/usr/X11/lib -lgdk-x11-2.0 -lgdk_pixbuf-2.0 -lpangocairo-1.0 -lcairo -lpangoft2-1.0 -lpixman-1 -lpng12 -lXrender -lX11 -lXau -lXdmcp -lpango-1.0 -lm -lfontconfig -lexpat -lfreetype -lz -lgobject-2.0 -lgmodule-2.0 -lglib-2.0 -lintl -liconv    -L/usr/X11/lib -R/usr/X11/lib -lX11'
GIO_CFLAGS='-I/opt/local/include/glib-2.0 -I/opt/local/lib/glib-2.0/include -I/opt/local/include  '
GIO_LIBS='-L/opt/local/lib -lgio-2.0 -lgobject-2.0 -lgmodule-2.0 -lglib-2.0 -lintl -liconv  '
GIO_REQUIRED='2.15.4'
GLIB_CFLAGS='-D_REENTRANT -I/opt/local/include/glib-2.0 -I/opt/local/lib/glib-2.0/include -I/opt/local/include  '
GLIB_LIBS='-L/opt/local/lib -lgthread-2.0 -lglib-2.0 -lintl -liconv  '
GLIB_REQUIRED='2.12.0'
GREP='/usr/bin/grep'
GTKDOC_CHECK='/opt/local/bin/gtkdoc-check'
GTK_CFLAGS='-I/opt/local/include/gtk-2.0 -I/opt/local/lib/gtk-2.0/include -I/opt/local/include/atk-1.0 -I/opt/local/include/cairo -I/opt/local/include/pango-1.0 -I/opt/local/include/glib-2.0 -I/opt/local/lib/glib-2.0/include -I/opt/local/include -I/opt/local/include/pixman-1 -I/opt/local/include/freetype2 -I/opt/local/include/libpng12 -I/usr/X11/include  '
GTK_DOC_INSTALLED_FALSE='#'
GTK_DOC_INSTALLED_TRUE=''
GTK_DOC_USE_LIBTOOL_FALSE='#'
GTK_DOC_USE_LIBTOOL_TRUE=''
GTK_LIBS='-L/opt/local/lib -L/usr/X11/lib -lgtk-x11-2.0 -lgdk-x11-2.0 -latk-1.0 -lgio-2.0 -lgdk_pixbuf-2.0 -lpangocairo-1.0 -lcairo -lpangoft2-1.0 -lpixman-1 -lpng12 -lXrender -lX11 -lXau -lXdmcp -lpango-1.0 -lm -lfontconfig -lexpat -lfreetype -lz -lgobject-2.0 -lgmodule-2.0 -lglib-2.0 -lintl -liconv  '
GTK_VERSION='2.10.0'
HAVE_GTK_FALSE='#'
HAVE_GTK_TRUE=''
HTML_DIR='${datadir}/gtk-doc/html'
INSTALL_DATA='${INSTALL} -m 644'
INSTALL_PROGRAM='${INSTALL}'
INSTALL_SCRIPT='${INSTALL}'
INSTALL_STRIP_PROGRAM='$(install_sh) -c -s'
LD='/usr/libexec/gcc/i686-apple-darwin9/4.0.1/ld'
LDFLAGS=''
LIBCROCOPKG='libcroco-0.6'
LIBCROCO_CFLAGS='-I/opt/local/include/libcroco-0.6 -I/opt/local/include/glib-2.0 -I/opt/local/lib/glib-2.0/include -I/opt/local/include -I/opt/local/include/libxml2   -DHAVE_LIBCROCO=1'
LIBCROCO_LIBS='-L/opt/local/lib -lcroco-0.6 -lglib-2.0 -lintl -lxml2 -lpthread -lz -liconv -lm  '
LIBGSFPKG='libgsf-1'
LIBGSF_CFLAGS='-I/opt/local/include/libgsf-1 -I/opt/local/include/glib-2.0 -I/opt/local/lib/glib-2.0/include -I/opt/local/include -I/opt/local/include/libxml2   -DHAVE_SVGZ=1'
LIBGSF_LIBS='-L/opt/local/lib -lgsf-1 -lgobject-2.0 -lxml2 -lpthread -lz -lm -lglib-2.0 -lintl -liconv  '
LIBOBJS=''
LIBRSVG_CFLAGS='-I/opt/local/include/gtk-2.0 -I/opt/local/include/glib-2.0 -I/opt/local/lib/glib-2.0/include -I/opt/local/include -I/opt/local/include/libxml2 -I/opt/local/include/pango-1.0 -I/opt/local/include/freetype2 -I/opt/local/include/cairo -I/opt/local/include/pixman-1 -I/opt/local/include/libpng12 -I/usr/X11/include   -I/opt/local/include/glib-2.0 -I/opt/local/lib/glib-2.0/include -I/opt/local/include  '
LIBRSVG_LIBS='-L/opt/local/lib -L/usr/X11/lib -lgdk_pixbuf-2.0 -lxml2 -lpthread -lpangocairo-1.0 -lpangoft2-1.0 -lpango-1.0 -lm -lgobject-2.0 -lgmodule-2.0 -lglib-2.0 -lintl -liconv -lcairo -lpixman-1 -lpng12 -lXrender -lX11 -lXau -lXdmcp -lfontconfig -lexpat -lfreetype -lz   -L/opt/local/lib -lgio-2.0 -lgobject-2.0 -lgmodule-2.0 -lglib-2.0 -lintl -liconv  '
LIBRSVG_MAJOR_VERSION='2'
LIBRSVG_MICRO_VERSION='3'
LIBRSVG_MINOR_VERSION='22'
LIBS=''
LIBTOOL='$(SHELL) $(top_builddir)/libtool'
LIBXML_REQUIRED='2.4.7'
LIPO='lipo'
LN_S='ln -s'
LTLIBOBJS=''
MAINT='#'
MAINTAINER_MODE_FALSE=''
MAINTAINER_MODE_TRUE='#'
MAKEINFO='${SHELL} /Users/loic/Work/Dev/C/librsvg/missing --run makeinfo'
MKDIR_P='/opt/local/bin/gmkdir -p'
MOZILLA_CFLAGS=''
MOZILLA_CONFIG='no'
MOZILLA_LIBS=''
NM='/usr/bin/nm -p'
NMEDIT='nmedit'
OBJDUMP='objdump'
OBJEXT='o'
OS_WIN32_FALSE=''
OS_WIN32_TRUE='#'
OTOOL64=':'
OTOOL='otool'
PACKAGE='librsvg'
PACKAGE_BUGREPORT=''
PACKAGE_NAME=''
PACKAGE_STRING=''
PACKAGE_TARNAME=''
PACKAGE_VERSION=''
PANGOFT2_REQUIRED='1.2.0'
PATH_SEPARATOR=':'
PKG_CONFIG='/opt/local/bin/pkg-config'
PLATFORM_WIN32_FALSE=''
PLATFORM_WIN32_TRUE='#'
QUERYLOADERS='/opt/local/bin/gdk-pixbuf-query-loaders'
RANLIB='ranlib'
SED='/usr/bin/sed'
SET_MAKE=''
SHELL='/bin/sh'
STRIP='strip'
VERSION='2.22.3'
VERSION_INFO='24:3:22'
WITH_LIBGSF_FALSE='#'
WITH_LIBGSF_TRUE=''
WITH_MOZILLA_FALSE=''
WITH_MOZILLA_TRUE='#'
XMKMF=''
X_CFLAGS=' -I/usr/X11/include'
X_EXTRA_LIBS=''
X_LIBS=' -L/usr/X11/lib -R/usr/X11/lib'
X_PRE_LIBS=' -lSM -lICE'
ac_ct_CC='gcc'
ac_ct_DUMPBIN=''
am__fastdepCC_FALSE='#'
am__fastdepCC_TRUE=''
am__include='include'
am__isrc=''
am__leading_dot='.'
am__quote=''
am__tar='${AMTAR} chof - "$$tardir"'
am__untar='${AMTAR} xf -'
bindir='${exec_prefix}/bin'
build='i386-apple-darwin9.6.0'
build_alias=''
build_cpu='i386'
build_os='darwin9.6.0'
build_vendor='apple'
datadir='${datarootdir}'
datarootdir='${prefix}/share'
docdir='${datarootdir}/doc/${PACKAGE}'
dvidir='${docdir}'
exec_prefix='${prefix}'
host='i386-apple-darwin9.6.0'
host_alias=''
host_cpu='i386'
host_os='darwin9.6.0'
host_vendor='apple'
htmldir='${docdir}'
includedir='${prefix}/include'
infodir='${datarootdir}/info'
install_sh='$(SHELL) /Users/loic/Work/Dev/C/librsvg/install-sh'
libdir='${exec_prefix}/lib'
libexecdir='${exec_prefix}/libexec'
localedir='${datarootdir}/locale'
localstatedir='${prefix}/var'
lt_ECHO='/bin/echo'
mandir='${datarootdir}/man'
mkdir_p='/opt/local/bin/gmkdir -p'
oldincludedir='/usr/include'
pdfdir='${docdir}'
prefix='/usr/local'
program_transform_name='s,x,x,'
psdir='${docdir}'
sbindir='${exec_prefix}/sbin'
sharedstatedir='${prefix}/com'
sysconfdir='${prefix}/etc'
target_alias=''

## ----------- ##
## confdefs.h. ##
## ----------- ##

#define PACKAGE_NAME ""
#define PACKAGE_TARNAME ""
#define PACKAGE_VERSION ""
#define PACKAGE_STRING ""
#define PACKAGE_BUGREPORT ""
#define PACKAGE "librsvg"
#define VERSION "2.22.3"
#define STDC_HEADERS 1
#define HAVE_SYS_TYPES_H 1
#define HAVE_SYS_STAT_H 1
#define HAVE_STDLIB_H 1
#define HAVE_STRING_H 1
#define HAVE_MEMORY_H 1
#define HAVE_STRINGS_H 1
#define HAVE_INTTYPES_H 1
#define HAVE_STDINT_H 1
#define HAVE_UNISTD_H 1
#define HAVE_DLFCN_H 1
#define LT_OBJDIR ".libs/"
#define STDC_HEADERS 1
#define HAVE_GIO 1
#define HAVE_STRTOK_R 1
#define HAVE_BASENAME 1
#define ENABLE_XEMBED 1
#define HAVE_LOCALE_H 1
#define HAVE_LC_MESSAGES 1

configure: exit 0
